#
# There is insufficient memory for the Java Runtime Environment to continue.
# Native memory allocation (malloc) failed to allocate 1048576 bytes for AllocateHeap
# Possible reasons:
#   The system is out of physical RAM or swap space
#   The process is running with CompressedOops enabled, and the Java Heap may be blocking the growth of the native heap
# Possible solutions:
#   Reduce memory load on the system
#   Increase physical memory or swap space
#   Check if swap backing store is full
#   Decrease Java heap size (-Xmx/-Xms)
#   Decrease number of Java threads
#   Decrease Java thread stack sizes (-Xss)
#   Set larger code cache with -XX:ReservedCodeCacheSize=
#   JVM is running with Unscaled Compressed Oops mode in which the Java heap is
#     placed in the first 4GB address space. The Java Heap base address is the
#     maximum limit for the native heap growth. Please use -XX:HeapBaseMinAddress
#     to set the Java Heap base and to place the Java Heap above 4GB virtual address.
# This output file may be truncated or incomplete.
#
#  Out of Memory Error (memory/allocation.inline.hpp:61), pid=20240, tid=0x0000000000000ca4
#
# JRE version:  (8.0_202-b08) (build )
# Java VM: Java HotSpot(TM) 64-Bit Server VM (25.202-b08 mixed mode windows-amd64 compressed oops)
# Failed to write core dump. Minidumps are not enabled by default on client versions of Windows
#

---------------  T H R E A D  ---------------

Current thread (0x00000000032e2800):  JavaThread "Unknown thread" [_thread_in_vm, id=3236, stack(0x0000000003170000,0x0000000003270000)]

Stack: [0x0000000003170000,0x0000000003270000]
[error occurred during error reporting (printing stack bounds), id 0xc0000005]

Native frames: (J=compiled Java code, j=interpreted, Vv=VM code, C=native code)


---------------  P R O C E S S  ---------------

Java Threads: ( => current thread )

Other Threads:

=>0x00000000032e2800 (exited) JavaThread "Unknown thread" [_thread_in_vm, id=3236, stack(0x0000000003170000,0x0000000003270000)]

VM state:not at safepoint (normal execution)

VM Mutex/Monitor currently owned by a thread: None

heap address: 0x000000008ac00000, size: 1876 MB, Compressed Oops mode: 32-bit
Narrow klass base: 0x0000000000000000, Narrow klass shift: 3
Compressed class space size: 1073741824 Address: 0x0000000100000000

Heap:
 PSYoungGen      total 35328K, used 614K [0x00000000d8f00000, 0x00000000db600000, 0x0000000100000000)
  eden space 30720K, 2% used [0x00000000d8f00000,0x00000000d8f999a8,0x00000000dad00000)
  from space 4608K, 0% used [0x00000000db180000,0x00000000db180000,0x00000000db600000)
  to   space 4608K, 0% used [0x00000000dad00000,0x00000000dad00000,0x00000000db180000)
 ParOldGen       total 80896K, used 0K [0x000000008ac00000, 0x000000008fb00000, 0x00000000d8f00000)
  object space 80896K, 0% used [0x000000008ac00000,0x000000008ac00000,0x000000008fb00000)
 Metaspace       used 775K, capacity 4480K, committed 4480K, reserved 1056768K
  class space    used 76K, capacity 384K, committed 384K, reserved 1048576K

Card table byte_map: [0x00000000127a0000,0x0000000012b50000] byte_map_base: 0x000000001234a000

Marking Bits: (ParMarkBitMap*) 0x00000000618a5ce0
 Begin Bits: [0x00000000137d0000, 0x0000000015520000)
 End Bits:   [0x0000000015520000, 0x0000000017270000)

Polling page: 0x0000000003140000

CodeCache: size=245760Kb used=327Kb max_used=327Kb free=245432Kb
 bounds [0x00000000033e0000, 0x0000000003650000, 0x00000000123e0000]
 total_blobs=57 nmethods=0 adapters=38
 compilation: enabled

Compilation events (0 events):
No events

GC Heap History (0 events):
No events

Deoptimization events (0 events):
No events

Classes redefined (0 events):
No events

Internal exceptions (0 events):
No events

Events (10 events):
Event: 0.058 loading class java/lang/Short
Event: 0.058 loading class java/lang/Short done
Event: 0.058 loading class java/lang/Integer
Event: 0.058 loading class java/lang/Integer done
Event: 0.058 loading class java/lang/Long
Event: 0.059 loading class java/lang/Long done
Event: 0.061 loading class java/lang/NullPointerException
Event: 0.061 loading class java/lang/NullPointerException done
Event: 0.061 loading class java/lang/ArithmeticException
Event: 0.061 loading class java/lang/ArithmeticException done


Dynamic libraries:
0x00007ff6a3e80000 - 0x00007ff6a3eb7000 	C:\Program Files\Java\jdk1.8.0_202\bin\java.exe
0x00007ffbd7290000 - 0x00007ffbd74a4000 	C:\WINDOWS\SYSTEM32\ntdll.dll
0x00007ffbd68b0000 - 0x00007ffbd6973000 	C:\WINDOWS\System32\KERNEL32.DLL
0x00007ffbd4960000 - 0x00007ffbd4cfc000 	C:\WINDOWS\System32\KERNELBASE.dll
0x00007ffbd7190000 - 0x00007ffbd723e000 	C:\WINDOWS\System32\ADVAPI32.dll
0x00007ffbd6780000 - 0x00007ffbd6827000 	C:\WINDOWS\System32\msvcrt.dll
0x00007ffbd5ea0000 - 0x00007ffbd5f44000 	C:\WINDOWS\System32\sechost.dll
0x00007ffbd59a0000 - 0x00007ffbd5ab5000 	C:\WINDOWS\System32\RPCRT4.dll
0x00007ffbd6fe0000 - 0x00007ffbd718d000 	C:\WINDOWS\System32\USER32.dll
0x00007ffbd5000000 - 0x00007ffbd5026000 	C:\WINDOWS\System32\win32u.dll
0x00007ffbd6410000 - 0x00007ffbd6439000 	C:\WINDOWS\System32\GDI32.dll
0x00007ffbd4d00000 - 0x00007ffbd4e13000 	C:\WINDOWS\System32\gdi32full.dll
0x00007ffbd4750000 - 0x00007ffbd47ea000 	C:\WINDOWS\System32\msvcp_win.dll
0x00007ffbd4ee0000 - 0x00007ffbd4ff1000 	C:\WINDOWS\System32\ucrtbase.dll
0x00007ffbbdc30000 - 0x00007ffbbdebe000 	C:\WINDOWS\WinSxS\amd64_microsoft.windows.common-controls_6595b64144ccf1df_6.0.22621.608_none_a9444ca7c10bb01d\COMCTL32.dll
0x00007ffbd63d0000 - 0x00007ffbd6401000 	C:\WINDOWS\System32\IMM32.DLL
0x0000000061930000 - 0x0000000061a02000 	C:\Program Files\Java\jdk1.8.0_202\jre\bin\msvcr100.dll
0x0000000061080000 - 0x0000000061925000 	C:\Program Files\Java\jdk1.8.0_202\jre\bin\server\jvm.dll
0x00007ffbd6760000 - 0x00007ffbd6768000 	C:\WINDOWS\System32\PSAPI.DLL
0x00007ffbcc120000 - 0x00007ffbcc154000 	C:\WINDOWS\SYSTEM32\WINMM.dll
0x00007ffbca580000 - 0x00007ffbca58a000 	C:\WINDOWS\SYSTEM32\VERSION.dll
0x00007ffbbdb30000 - 0x00007ffbbdb39000 	C:\WINDOWS\SYSTEM32\WSOCK32.dll
0x00007ffbd5920000 - 0x00007ffbd5991000 	C:\WINDOWS\System32\WS2_32.dll
0x00007ffbbd260000 - 0x00007ffbbd26f000 	C:\Program Files\Java\jdk1.8.0_202\jre\bin\verify.dll
0x00007ffbac580000 - 0x00007ffbac5a9000 	C:\Program Files\Java\jdk1.8.0_202\jre\bin\java.dll
0x00007ffbba300000 - 0x00007ffbba316000 	C:\Program Files\Java\jdk1.8.0_202\jre\bin\zip.dll

VM Arguments:
java_command: com.phonedirectory.app.PdaApplication
java_class_path (initial): C:\Users\NAVEEN~1\AppData\Local\Temp\cp_c2qkvoe3lzeip6fkmzqb4a8z2.jar
Launcher Type: SUN_STANDARD

Environment Variables:
JAVA_HOME=C:\Program Files\Java\jdk1.8.0_202
PATH=C:\Users\naveendurai\AppData\Local\cloud-code\installer\google-cloud-sdk\bin;C:\Program Files\Eclipse Adoptium\jdk-17.0.5.8-hotspot\bin;C:\Program Files\Common Files\Oracle\Java\javapath;C:\Program Files (x86)\Common Files\Oracle\Java\javapath;C:\WINDOWS\system32;C:\WINDOWS;C:\WINDOWS\System32\Wbem;C:\WINDOWS\System32\WindowsPowerShell\v1.0\;C:\WINDOWS\System32\OpenSSH\;C:\Program Files\MySQL\MySQL Server 8.0\bin;C:\Program Files\Java\jdk1.8.0_202\bin;C:\Program Files\Git\cmd;C:\Program Files\Java\jdk-11.0.16\bin;C:\Program Files\nodejs\;C:\Program Files\nodejs;C:\Program Files\Docker\Docker\resources\bin;D:\Software and other dependencies\apache-maven-3.8.6-bin\apache-maven-3.8.6\bin;C:\Program Files\PuTTY\;C:\Program Files\MySQL\MySQL Shell 8.0\bin\;C:\Users\naveendurai\AppData\Local\Microsoft\WindowsApps;C:\Users\naveendurai\AppData\Local\GitHubDesktop\bin;C:\Users\naveendurai\AppData\Roaming\npm;C:\Users\naveendurai\AppData\Local\Programs\Microsoft VS Code\bin
USERNAME=naveendurai
OS=Windows_NT
PROCESSOR_IDENTIFIER=AMD64 Family 23 Model 104 Stepping 1, AuthenticAMD



---------------  S Y S T E M  ---------------

OS: Windows 10.0 , 64 bit Build 22621 (10.0.22621.1344)

CPU:total 12 (initial active 12) (12 cores per cpu, 1 threads per core) family 23 model 104 stepping 1, cmov, cx8, fxsr, mmx, sse, sse2, sse3, ssse3, sse4.1, sse4.2, popcnt, avx, avx2, aes, clmul, mmxext, 3dnowpref, lzcnt, sse4a, tsc, tscinvbit, tscinv, bmi1

Memory: 4k page, physical 7682084k(255808k free), swap 21501344k(6880k free)

vm_info: Java HotSpot(TM) 64-Bit Server VM (25.202-b08) for windows-amd64 JRE (1.8.0_202-b08), built on Dec 15 2018 19:54:30 by "java_re" with MS VC++ 10.0 (VS2010)

time: Tue Apr 11 16:14:53 2023
timezone: India Standard Time
elapsed time: 0 seconds (0d 0h 0m 0s)

